<?xml version="1.0" encoding="UTF-8"?>
<!-- Generated by org.testng.reporters.JUnitXMLReporter -->
<testsuite ignored="0" hostname="cdfdfdbbbfecbccfaabacdfdabdafecefecf-0" failures="0" tests="4" name="Test" time="9.732" errors="0" timestamp="2023-08-07T14:33:38 UTC">
  <testcase classname="ai.iamneo.testing.Testing_Selenium_TestNg.AppTest" name="backPage" time="0.054"/>
  <testcase classname="ai.iamneo.testing.Testing_Selenium_TestNg.AppTest" name="currentURL" time="0.28"/>
  <testcase classname="ai.iamneo.testing.Testing_Selenium_TestNg.AppTest" name="iamNeo" time="3.521"/>
  <testcase classname="ai.iamneo.testing.Testing_Selenium_TestNg.AppTest" name="nextPage" time="0.994"/>
</testsuite> <!-- Test -->
